<?xml version="1.0" encoding="UTF-8"?>
<testsuite xmlns:xsi="http://www.w3.org/2001/XMLSchema-instance" xsi:noNamespaceSchemaLocation="https://maven.apache.org/surefire/maven-surefire-plugin/xsd/surefire-test-report.xsd" name="com.audioeditor.JsonIORoundTripTest" time="0.512" tests="2" errors="0" skipped="0" failures="0">
  <properties>
[...]
</properties>
  <testcase name="loadSaveLoadPreservesData" classname="com.audioeditor.JsonIORoundTripTest" time="0.469"/>
  <testcase name="editsPersist" classname="com.audioeditor.JsonIORoundTripTest" time="0.029"/>
</testsuite>